{"C:\\Users\\Poirei\\Desktop\\CODEBASE_REACT_COURSE\\react_native_sessions_code\\RNUtilities\\src\\components\\Button.js": {"path":"C:\\Users\\Poirei\\Desktop\\CODEBASE_REACT_COURSE\\react_native_sessions_code\\RNUtilities\\src\\components\\Button.js","statementMap":{"0":{"start":{"line":1,"column":42},"end":{"line":1,"column":97}},"1":{"start":{"line":1,"column":98},"end":{"line":1,"column":160}},"2":{"start":{"line":1,"column":160},"end":{"line":1,"column":185}},"3":{"start":{"line":1,"column":198},"end":{"line":1,"column":238}},"4":{"start":{"line":2,"column":19},"end":{"line":2,"column":42}},"5":{"start":{"line":2,"column":62},"end":{"line":2,"column":182}},"6":{"start":{"line":4,"column":13},"end":{"line":12,"column":1}},"7":{"start":{"line":5,"column":16},"end":{"line":5,"column":34}},"8":{"start":{"line":5,"column":47},"end":{"line":5,"column":63}},"9":{"start":{"line":6,"column":12},"end":{"line":6,"column":25}},"10":{"start":{"line":6,"column":34},"end":{"line":6,"column":45}},"11":{"start":{"line":7,"column":2},"end":{"line":9,"column":153}},"12":{"start":{"line":14,"column":13},"end":{"line":30,"column":23}},"13":{"start":{"line":34,"column":0},"end":{"line":34,"column":6}},"14":{"start":{"line":34,"column":7},"end":{"line":34,"column":34}}},"fnMap":{"0":{"name":"Button","decl":{"start":{"line":4,"column":22},"end":{"line":4,"column":28}},"loc":{"start":{"line":4,"column":36},"end":{"line":12,"column":1}},"line":4}},"branchMap":{},"s":{"0":1,"1":1,"2":1,"3":1,"4":1,"5":1,"6":1,"7":1,"8":1,"9":1,"10":1,"11":1,"12":1,"13":1,"14":1},"f":{"0":1},"b":{},"_coverageSchema":"43e27e138ebf9cfc5966b082cf9a028302ed4184","hash":"c70ea223762fb46ac2f97cb21a1535a6177bdd6f"}
}
